
SQL*Loader: Release 10.2.0.1.0 - Production on Wed Jun 3 12:52:34 2009

Copyright (c) 1982, 2005, Oracle.  All rights reserved.

Control File:   AR_refseq_protein.ctl

There are 2 data files:
Data File:      /cabio/cabiodb/cabio_data/temp/arrays/Affymetrix/U133B/refseq_protein_id_out_1.txt
  Bad File:     AR_refseq_protein.bad
  Discard File:  none specified
 
 (Allow all discards)
Data File:      /cabio/cabiodb/cabio_data/temp/arrays/Affymetrix/U133B/refseq_protein_id_out_2.txt
  Bad File:     refseq_protein_id_out_2.bad
  Discard File:  none specified
 
 (Allow all discards)

Number to load: ALL
Number to skip: 1
Errors allowed: 50000
Continuation:    none specified
Path used:      Direct

Table AR_REFSEQ_PROTEIN_TMP, loaded from every logical record.
Insert option in effect for this table: APPEND
TRAILING NULLCOLS option in effect

   Column Name                  Position   Len  Term Encl Datatype
------------------------------ ---------- ----- ---- ---- ---------------------
PROBE_SET_ID                        FIRST     *   |       CHARACTER            
REFSEQ_PROTEIN_ID                    NEXT     *   |       CHARACTER            
GENECHIP_ARRAY                       NEXT     *   |       CHARACTER            


Table AR_REFSEQ_PROTEIN_TMP:
  46039 Rows successfully loaded.
  0 Rows not loaded due to data errors.
  0 Rows not loaded because all WHEN clauses were failed.
  0 Rows not loaded because all fields were null.

Bind array size not used in direct path.
Column array  rows :    5000
Stream buffer bytes:  256000
Read   buffer bytes: 1000000

Total logical records skipped:          1
Total logical records read:         46039
Total logical records rejected:         0
Total logical records discarded:        0
Total stream buffers loaded by SQL*Loader main thread:       12
Total stream buffers loaded by SQL*Loader load thread:        0

Run began on Wed Jun 03 12:52:34 2009
Run ended on Wed Jun 03 12:52:34 2009

Elapsed time was:     00:00:00.36
CPU time was:         00:00:00.15
