
SQL*Loader: Release 10.2.0.1.0 - Production on Wed May 6 12:13:39 2009

Copyright (c) 1982, 2005, Oracle.  All rights reserved.

Control File:   AR_RNA_Probesets_Affy.ctl
Data File:      /cabio/cabiodb/cabio_data/temp/arrays/Affymetrix/U133B/RNA_probesets_out_2.txt
  Bad File:     AR_RNA_Probesets_Affy.bad
  Discard File:  none specified
 
 (Allow all discards)

Number to load: ALL
Number to skip: 1
Errors allowed: 50000
Continuation:    none specified
Path used:      Direct

Table AR_RNA_PROBESETS_AFFY_TMP, loaded from every logical record.
Insert option in effect for this table: APPEND
TRAILING NULLCOLS option in effect

   Column Name                  Position   Len  Term Encl Datatype
------------------------------ ---------- ----- ---- ---- ---------------------
ID                                                        SEQUENCE (MAX, 1)
PROBE_SET_ID                        FIRST     *   |       CHARACTER            
GENECHIP_ARRAY_NAME                  NEXT     *   |       CHARACTER            
SPECIES_SCIENTIFIC_NAME              NEXT     *   |       CHARACTER            
ANNOTATION_DATA                      NEXT     *   |       CHARACTER            


Table AR_RNA_PROBESETS_AFFY_TMP:
  22657 Rows successfully loaded.
  0 Rows not loaded due to data errors.
  0 Rows not loaded because all WHEN clauses were failed.
  0 Rows not loaded because all fields were null.

Bind array size not used in direct path.
Column array  rows :    5000
Stream buffer bytes:  256000
Read   buffer bytes: 1000000

Total logical records skipped:          1
Total logical records read:         22657
Total logical records rejected:         0
Total logical records discarded:        0
Total stream buffers loaded by SQL*Loader main thread:        6
Total stream buffers loaded by SQL*Loader load thread:        4

Run began on Wed May 06 12:13:39 2009
Run ended on Wed May 06 12:13:39 2009

Elapsed time was:     00:00:00.57
CPU time was:         00:00:00.11
