
SQL*Loader: Release 10.2.0.1.0 - Production on Wed Mar 18 15:28:29 2009

Copyright (c) 1982, 2005, Oracle.  All rights reserved.

Control File:   zstg_interpro.ctl
Data File:      /cabio/cabiodb/cabio_data/temp/arrays/Affymetrix/U133B/interpro_out_2.txt
  Bad File:     ZSTG_INTERPRO.bad
  Discard File:  none specified
 
 (Allow all discards)

Number to load: ALL
Number to skip: 1
Errors allowed: 50000
Continuation:    none specified
Path used:      Direct

Table ZSTG_INTERPRO_TMP, loaded from every logical record.
Insert option in effect for this table: APPEND
TRAILING NULLCOLS option in effect

   Column Name                  Position   Len  Term Encl Datatype
------------------------------ ---------- ----- ---- ---- ---------------------
PROBE_SET_ID                        FIRST     *   |       CHARACTER            
ACCESSION_NUMBER                     NEXT     *   |       CHARACTER            
DESCRIPTION                          NEXT  2000   |       CHARACTER            
SCORE                                NEXT     *   |       CHARACTER            
GENECHIP_ARRAY                       NEXT     *   |       CHARACTER            


Table ZSTG_INTERPRO_TMP:
  3284 Rows successfully loaded.
  0 Rows not loaded due to data errors.
  0 Rows not loaded because all WHEN clauses were failed.
  0 Rows not loaded because all fields were null.

Bind array size not used in direct path.
Column array  rows :    5000
Stream buffer bytes:  256000
Read   buffer bytes: 1000000

Total logical records skipped:          1
Total logical records read:          3284
Total logical records rejected:         0
Total logical records discarded:        0
Total stream buffers loaded by SQL*Loader main thread:        1
Total stream buffers loaded by SQL*Loader load thread:        1

Run began on Wed Mar 18 15:28:29 2009
Run ended on Wed Mar 18 15:28:29 2009

Elapsed time was:     00:00:00.17
CPU time was:         00:00:00.05
